<?xml version="1.0" encoding="UTF-8"?>
<testng-results skipped="0" failed="1" ignored="0" total="1" passed="0">
  <reporter-output>
  </reporter-output>
  <suite name="Default suite" duration-ms="3953" started-at="2018-09-19T12:02:43Z" finished-at="2018-09-19T12:02:47Z">
    <groups>
    </groups>
    <test name="Default test" duration-ms="3953" started-at="2018-09-19T12:02:43Z" finished-at="2018-09-19T12:02:47Z">
      <class name="TestCases.Product_Page_Test_For_Reverse_PO_Product">
        <test-method status="PASS" signature="setExtent()[pri:0, instance:TestCases.Product_Page_Test_For_Reverse_PO_Product@1fc2b765]" name="setExtent" is-config="true" duration-ms="463" started-at="2018-09-19T12:02:43Z" finished-at="2018-09-19T12:02:44Z">
          <reporter-output>
          </reporter-output>
        </test-method> <!-- setExtent -->
        <test-method status="FAIL" signature="To_verify_Part_stock_Logs(java.lang.String)[pri:0, instance:TestCases.Product_Page_Test_For_Reverse_PO_Product@1fc2b765]" name="To_verify_Part_stock_Logs" duration-ms="2499" started-at="2018-09-19T12:02:44Z" data-provider="getCRMTestData" finished-at="2018-09-19T12:02:46Z">
          <exception class="org.testng.internal.reflect.MethodMatcherException">
            <message>
              <![CDATA[
Data provider mismatch
Method: To_verify_Part_stock_Logs([Parameter{index=0, type=java.lang.String, declaredAnnotations=[]}])
Arguments: [(org.apache.poi.xssf.usermodel.XSSFCell) DS1006]]]>
            </message>
            <full-stacktrace>
              <![CDATA[org.testng.internal.reflect.MethodMatcherException: 
Data provider mismatch
Method: To_verify_Part_stock_Logs([Parameter{index=0, type=java.lang.String, declaredAnnotations=[]}])
Arguments: [(org.apache.poi.xssf.usermodel.XSSFCell) DS1006]
at org.testng.internal.reflect.DataProviderMethodMatcher.getConformingArguments(DataProviderMethodMatcher.java:45)
at org.testng.internal.Parameters.injectParameters(Parameters.java:796)
at org.testng.internal.Invoker.invokeTestMethods(Invoker.java:983)
at org.testng.internal.TestMethodWorker.invokeTestMethods(TestMethodWorker.java:125)
at org.testng.internal.TestMethodWorker.run(TestMethodWorker.java:109)
at org.testng.TestRunner.privateRun(TestRunner.java:648)
at org.testng.TestRunner.run(TestRunner.java:505)
at org.testng.SuiteRunner.runTest(SuiteRunner.java:455)
at org.testng.SuiteRunner.runSequentially(SuiteRunner.java:450)
at org.testng.SuiteRunner.privateRun(SuiteRunner.java:415)
at org.testng.SuiteRunner.run(SuiteRunner.java:364)
at org.testng.SuiteRunnerWorker.runSuite(SuiteRunnerWorker.java:52)
at org.testng.SuiteRunnerWorker.run(SuiteRunnerWorker.java:84)
at org.testng.TestNG.runSuitesSequentially(TestNG.java:1208)
at org.testng.TestNG.runSuitesLocally(TestNG.java:1137)
at org.testng.TestNG.runSuites(TestNG.java:1049)
at org.testng.TestNG.run(TestNG.java:1017)
at org.testng.remote.AbstractRemoteTestNG.run(AbstractRemoteTestNG.java:114)
at org.testng.remote.RemoteTestNG.initAndRun(RemoteTestNG.java:251)
at org.testng.remote.RemoteTestNG.main(RemoteTestNG.java:77)
]]>
            </full-stacktrace>
          </exception> <!-- org.testng.internal.reflect.MethodMatcherException -->
          <reporter-output>
          </reporter-output>
        </test-method> <!-- To_verify_Part_stock_Logs -->
        <test-method status="PASS" signature="endReport()[pri:0, instance:TestCases.Product_Page_Test_For_Reverse_PO_Product@1fc2b765]" name="endReport" is-config="true" duration-ms="929" started-at="2018-09-19T12:02:46Z" finished-at="2018-09-19T12:02:47Z">
          <reporter-output>
          </reporter-output>
        </test-method> <!-- endReport -->
      </class> <!-- TestCases.Product_Page_Test_For_Reverse_PO_Product -->
    </test> <!-- Default test -->
  </suite> <!-- Default suite -->
</testng-results>
